<?xml version="1.0" encoding="UTF-8"?>
<!-- Generated by org.testng.reporters.JUnitReportReporter -->
<testsuite hostname="Dell" name="com.test.automation.uiAutomation.addToCart.TC002_VerifyFacebookLink" tests="2" failures="0" timestamp="5 Jun 2022 15:23:54 GMT" time="0.001" errors="2">
  <testcase name="verifyFacebookLink" time="0.000" classname="com.test.automation.uiAutomation.addToCart.TC002_VerifyFacebookLink">
    <error type="org.openqa.selenium.WebDriverException" message="unknown error: cannot find Chrome binary
Build info: version: &#039;3.141.59&#039;, revision: &#039;e82be7d358&#039;, time: &#039;2018-11-14T08:17:03&#039;
System info: host: &#039;DELL&#039;, ip: &#039;192.168.225.220&#039;, os.name: &#039;Windows 8.1&#039;, os.arch: &#039;amd64&#039;, os.version: &#039;6.3&#039;, java.version: &#039;1.8.0_333&#039;
Driver info: driver.version: ChromeDriver
remote stacktrace: Backtrace:
	Ordinal0 [0x004B9563+2725219]
	Ordinal0 [0x003B8551+1672529]
	Ordinal0 [0x002A0359+525145]
	Ordinal0 [0x0022CA64+51812]
	Ordinal0 [0x0024CC37+183351]
	Ordinal0 [0x0024CA3D+182845]
	Ordinal0 [0x0024A94B+174411]
	Ordinal0 [0x00232528+75048]
	Ordinal0 [0x002335A0+79264]
	Ordinal0 [0x00233539+79161]
	Ordinal0 [0x003CD607+1758727]
	GetHandleVerifier [0x005D6546+1050150]
	GetHandleVerifier [0x005D6291+1049457]
	GetHandleVerifier [0x005E10D7+1094071]
	GetHandleVerifier [0x005D6B46+1051686]
	Ordinal0 [0x003C5B06+1727238]
	Ordinal0 [0x003CEB7B+1764219]
	Ordinal0 [0x003CECE3+1764579]
	Ordinal0 [0x003E4C05+1854469]
	BaseThreadInitThunk [0x7629919F+14]
	RtlInitializeExceptionChain [0x779CA8CB+132]
	RtlInitializeExceptionChain [0x779CA8A1+90]
">
      <![CDATA[org.openqa.selenium.WebDriverException: unknown error: cannot find Chrome binary
Build info: version: '3.141.59', revision: 'e82be7d358', time: '2018-11-14T08:17:03'
System info: host: 'DELL', ip: '192.168.225.220', os.name: 'Windows 8.1', os.arch: 'amd64', os.version: '6.3', java.version: '1.8.0_333'
Driver info: driver.version: ChromeDriver
remote stacktrace: Backtrace:
	Ordinal0 [0x004B9563+2725219]
	Ordinal0 [0x003B8551+1672529]
	Ordinal0 [0x002A0359+525145]
	Ordinal0 [0x0022CA64+51812]
	Ordinal0 [0x0024CC37+183351]
	Ordinal0 [0x0024CA3D+182845]
	Ordinal0 [0x0024A94B+174411]
	Ordinal0 [0x00232528+75048]
	Ordinal0 [0x002335A0+79264]
	Ordinal0 [0x00233539+79161]
	Ordinal0 [0x003CD607+1758727]
	GetHandleVerifier [0x005D6546+1050150]
	GetHandleVerifier [0x005D6291+1049457]
	GetHandleVerifier [0x005E10D7+1094071]
	GetHandleVerifier [0x005D6B46+1051686]
	Ordinal0 [0x003C5B06+1727238]
	Ordinal0 [0x003CEB7B+1764219]
	Ordinal0 [0x003CECE3+1764579]
	Ordinal0 [0x003E4C05+1854469]
	BaseThreadInitThunk [0x7629919F+14]
	RtlInitializeExceptionChain [0x779CA8CB+132]
	RtlInitializeExceptionChain [0x779CA8A1+90]

	at sun.reflect.NativeConstructorAccessorImpl.newInstance0(Native Method)
	at sun.reflect.NativeConstructorAccessorImpl.newInstance(Unknown Source)
	at sun.reflect.DelegatingConstructorAccessorImpl.newInstance(Unknown Source)
	at java.lang.reflect.Constructor.newInstance(Unknown Source)
	at org.openqa.selenium.remote.W3CHandshakeResponse.lambda$errorHandler$0(W3CHandshakeResponse.java:62)
	at org.openqa.selenium.remote.HandshakeResponse.lambda$getResponseFunction$0(HandshakeResponse.java:30)
	at org.openqa.selenium.remote.ProtocolHandshake.lambda$createSession$0(ProtocolHandshake.java:126)
	at java.util.stream.ReferencePipeline$3$1.accept(Unknown Source)
	at java.util.Spliterators$ArraySpliterator.tryAdvance(Unknown Source)
	at java.util.stream.ReferencePipeline.forEachWithCancel(Unknown Source)
	at java.util.stream.AbstractPipeline.copyIntoWithCancel(Unknown Source)
	at java.util.stream.AbstractPipeline.copyInto(Unknown Source)
	at java.util.stream.AbstractPipeline.wrapAndCopyInto(Unknown Source)
	at java.util.stream.FindOps$FindOp.evaluateSequential(Unknown Source)
	at java.util.stream.AbstractPipeline.evaluate(Unknown Source)
	at java.util.stream.ReferencePipeline.findFirst(Unknown Source)
	at org.openqa.selenium.remote.ProtocolHandshake.createSession(ProtocolHandshake.java:128)
	at org.openqa.selenium.remote.ProtocolHandshake.createSession(ProtocolHandshake.java:74)
	at org.openqa.selenium.remote.HttpCommandExecutor.execute(HttpCommandExecutor.java:136)
	at org.openqa.selenium.remote.service.DriverCommandExecutor.execute(DriverCommandExecutor.java:83)
	at org.openqa.selenium.remote.RemoteWebDriver.execute(RemoteWebDriver.java:552)
	at org.openqa.selenium.remote.RemoteWebDriver.startSession(RemoteWebDriver.java:213)
	at org.openqa.selenium.remote.RemoteWebDriver.<init>(RemoteWebDriver.java:131)
	at org.openqa.selenium.chrome.ChromeDriver.<init>(ChromeDriver.java:181)
	at org.openqa.selenium.chrome.ChromeDriver.<init>(ChromeDriver.java:168)
	at org.openqa.selenium.chrome.ChromeDriver.<init>(ChromeDriver.java:157)
	at com.test.automation.uiAutomation.testBase.TestBase.selectBrowser(TestBase.java:117)
	at com.test.automation.uiAutomation.testBase.TestBase.init(TestBase.java:96)
	at com.test.automation.uiAutomation.homepage.TC002_VerifyRegistration.setUp(TC002_VerifyRegistration.java:29)
	at sun.reflect.NativeMethodAccessorImpl.invoke0(Native Method)
	at sun.reflect.NativeMethodAccessorImpl.invoke(Unknown Source)
	at sun.reflect.DelegatingMethodAccessorImpl.invoke(Unknown Source)
	at java.lang.reflect.Method.invoke(Unknown Source)
	at org.testng.internal.MethodInvocationHelper.invokeMethod(MethodInvocationHelper.java:100)
	at org.testng.internal.Invoker.invokeConfigurationMethod(Invoker.java:515)
	at org.testng.internal.Invoker.invokeConfigurations(Invoker.java:216)
	at org.testng.internal.Invoker.invokeConfigurations(Invoker.java:143)
	at org.testng.internal.TestMethodWorker.invokeBeforeClassMethods(TestMethodWorker.java:169)
	at org.testng.internal.TestMethodWorker.run(TestMethodWorker.java:108)
	at org.testng.TestRunner.privateRun(TestRunner.java:746)
	at org.testng.TestRunner.run(TestRunner.java:600)
	at org.testng.SuiteRunner.runTest(SuiteRunner.java:366)
	at org.testng.SuiteRunner.runSequentially(SuiteRunner.java:361)
	at org.testng.SuiteRunner.privateRun(SuiteRunner.java:319)
	at org.testng.SuiteRunner.run(SuiteRunner.java:268)
	at org.testng.SuiteRunnerWorker.runSuite(SuiteRunnerWorker.java:52)
	at org.testng.SuiteRunnerWorker.run(SuiteRunnerWorker.java:86)
	at org.testng.TestNG.runSuitesSequentially(TestNG.java:1264)
	at org.testng.TestNG.runSuitesLocally(TestNG.java:1189)
	at org.testng.TestNG.runSuites(TestNG.java:1104)
	at org.testng.TestNG.run(TestNG.java:1076)
	at org.testng.remote.AbstractRemoteTestNG.run(AbstractRemoteTestNG.java:126)
	at org.testng.remote.RemoteTestNG.initAndRun(RemoteTestNG.java:152)
	at org.testng.remote.RemoteTestNG.main(RemoteTestNG.java:57)
]]>
    </error>
  </testcase> <!-- verifyFacebookLink -->
  <testcase name="verifyFacebookLink" time="0.001" classname="com.test.automation.uiAutomation.addToCart.TC002_VerifyFacebookLink">
    <error type="org.openqa.selenium.WebDriverException" message="unknown error: cannot find Chrome binary
Build info: version: &#039;3.141.59&#039;, revision: &#039;e82be7d358&#039;, time: &#039;2018-11-14T08:17:03&#039;
System info: host: &#039;DELL&#039;, ip: &#039;192.168.225.220&#039;, os.name: &#039;Windows 8.1&#039;, os.arch: &#039;amd64&#039;, os.version: &#039;6.3&#039;, java.version: &#039;1.8.0_333&#039;
Driver info: driver.version: ChromeDriver
remote stacktrace: Backtrace:
	Ordinal0 [0x004B9563+2725219]
	Ordinal0 [0x003B8551+1672529]
	Ordinal0 [0x002A0359+525145]
	Ordinal0 [0x0022CA64+51812]
	Ordinal0 [0x0024CC37+183351]
	Ordinal0 [0x0024CA3D+182845]
	Ordinal0 [0x0024A94B+174411]
	Ordinal0 [0x00232528+75048]
	Ordinal0 [0x002335A0+79264]
	Ordinal0 [0x00233539+79161]
	Ordinal0 [0x003CD607+1758727]
	GetHandleVerifier [0x005D6546+1050150]
	GetHandleVerifier [0x005D6291+1049457]
	GetHandleVerifier [0x005E10D7+1094071]
	GetHandleVerifier [0x005D6B46+1051686]
	Ordinal0 [0x003C5B06+1727238]
	Ordinal0 [0x003CEB7B+1764219]
	Ordinal0 [0x003CECE3+1764579]
	Ordinal0 [0x003E4C05+1854469]
	BaseThreadInitThunk [0x7629919F+14]
	RtlInitializeExceptionChain [0x779CA8CB+132]
	RtlInitializeExceptionChain [0x779CA8A1+90]
">
      <![CDATA[org.openqa.selenium.WebDriverException: unknown error: cannot find Chrome binary
Build info: version: '3.141.59', revision: 'e82be7d358', time: '2018-11-14T08:17:03'
System info: host: 'DELL', ip: '192.168.225.220', os.name: 'Windows 8.1', os.arch: 'amd64', os.version: '6.3', java.version: '1.8.0_333'
Driver info: driver.version: ChromeDriver
remote stacktrace: Backtrace:
	Ordinal0 [0x004B9563+2725219]
	Ordinal0 [0x003B8551+1672529]
	Ordinal0 [0x002A0359+525145]
	Ordinal0 [0x0022CA64+51812]
	Ordinal0 [0x0024CC37+183351]
	Ordinal0 [0x0024CA3D+182845]
	Ordinal0 [0x0024A94B+174411]
	Ordinal0 [0x00232528+75048]
	Ordinal0 [0x002335A0+79264]
	Ordinal0 [0x00233539+79161]
	Ordinal0 [0x003CD607+1758727]
	GetHandleVerifier [0x005D6546+1050150]
	GetHandleVerifier [0x005D6291+1049457]
	GetHandleVerifier [0x005E10D7+1094071]
	GetHandleVerifier [0x005D6B46+1051686]
	Ordinal0 [0x003C5B06+1727238]
	Ordinal0 [0x003CEB7B+1764219]
	Ordinal0 [0x003CECE3+1764579]
	Ordinal0 [0x003E4C05+1854469]
	BaseThreadInitThunk [0x7629919F+14]
	RtlInitializeExceptionChain [0x779CA8CB+132]
	RtlInitializeExceptionChain [0x779CA8A1+90]

	at sun.reflect.NativeConstructorAccessorImpl.newInstance0(Native Method)
	at sun.reflect.NativeConstructorAccessorImpl.newInstance(Unknown Source)
	at sun.reflect.DelegatingConstructorAccessorImpl.newInstance(Unknown Source)
	at java.lang.reflect.Constructor.newInstance(Unknown Source)
	at org.openqa.selenium.remote.W3CHandshakeResponse.lambda$errorHandler$0(W3CHandshakeResponse.java:62)
	at org.openqa.selenium.remote.HandshakeResponse.lambda$getResponseFunction$0(HandshakeResponse.java:30)
	at org.openqa.selenium.remote.ProtocolHandshake.lambda$createSession$0(ProtocolHandshake.java:126)
	at java.util.stream.ReferencePipeline$3$1.accept(Unknown Source)
	at java.util.Spliterators$ArraySpliterator.tryAdvance(Unknown Source)
	at java.util.stream.ReferencePipeline.forEachWithCancel(Unknown Source)
	at java.util.stream.AbstractPipeline.copyIntoWithCancel(Unknown Source)
	at java.util.stream.AbstractPipeline.copyInto(Unknown Source)
	at java.util.stream.AbstractPipeline.wrapAndCopyInto(Unknown Source)
	at java.util.stream.FindOps$FindOp.evaluateSequential(Unknown Source)
	at java.util.stream.AbstractPipeline.evaluate(Unknown Source)
	at java.util.stream.ReferencePipeline.findFirst(Unknown Source)
	at org.openqa.selenium.remote.ProtocolHandshake.createSession(ProtocolHandshake.java:128)
	at org.openqa.selenium.remote.ProtocolHandshake.createSession(ProtocolHandshake.java:74)
	at org.openqa.selenium.remote.HttpCommandExecutor.execute(HttpCommandExecutor.java:136)
	at org.openqa.selenium.remote.service.DriverCommandExecutor.execute(DriverCommandExecutor.java:83)
	at org.openqa.selenium.remote.RemoteWebDriver.execute(RemoteWebDriver.java:552)
	at org.openqa.selenium.remote.RemoteWebDriver.startSession(RemoteWebDriver.java:213)
	at org.openqa.selenium.remote.RemoteWebDriver.<init>(RemoteWebDriver.java:131)
	at org.openqa.selenium.chrome.ChromeDriver.<init>(ChromeDriver.java:181)
	at org.openqa.selenium.chrome.ChromeDriver.<init>(ChromeDriver.java:168)
	at org.openqa.selenium.chrome.ChromeDriver.<init>(ChromeDriver.java:157)
	at com.test.automation.uiAutomation.testBase.TestBase.selectBrowser(TestBase.java:117)
	at com.test.automation.uiAutomation.testBase.TestBase.init(TestBase.java:96)
	at com.test.automation.uiAutomation.homepage.TC002_VerifyRegistration.setUp(TC002_VerifyRegistration.java:29)
	at sun.reflect.NativeMethodAccessorImpl.invoke0(Native Method)
	at sun.reflect.NativeMethodAccessorImpl.invoke(Unknown Source)
	at sun.reflect.DelegatingMethodAccessorImpl.invoke(Unknown Source)
	at java.lang.reflect.Method.invoke(Unknown Source)
	at org.testng.internal.MethodInvocationHelper.invokeMethod(MethodInvocationHelper.java:100)
	at org.testng.internal.Invoker.invokeConfigurationMethod(Invoker.java:515)
	at org.testng.internal.Invoker.invokeConfigurations(Invoker.java:216)
	at org.testng.internal.Invoker.invokeConfigurations(Invoker.java:143)
	at org.testng.internal.TestMethodWorker.invokeBeforeClassMethods(TestMethodWorker.java:169)
	at org.testng.internal.TestMethodWorker.run(TestMethodWorker.java:108)
	at org.testng.TestRunner.privateRun(TestRunner.java:746)
	at org.testng.TestRunner.run(TestRunner.java:600)
	at org.testng.SuiteRunner.runTest(SuiteRunner.java:366)
	at org.testng.SuiteRunner.runSequentially(SuiteRunner.java:361)
	at org.testng.SuiteRunner.privateRun(SuiteRunner.java:319)
	at org.testng.SuiteRunner.run(SuiteRunner.java:268)
	at org.testng.SuiteRunnerWorker.runSuite(SuiteRunnerWorker.java:52)
	at org.testng.SuiteRunnerWorker.run(SuiteRunnerWorker.java:86)
	at org.testng.TestNG.runSuitesSequentially(TestNG.java:1264)
	at org.testng.TestNG.runSuitesLocally(TestNG.java:1189)
	at org.testng.TestNG.runSuites(TestNG.java:1104)
	at org.testng.TestNG.run(TestNG.java:1076)
	at org.testng.remote.AbstractRemoteTestNG.run(AbstractRemoteTestNG.java:126)
	at org.testng.remote.RemoteTestNG.initAndRun(RemoteTestNG.java:152)
	at org.testng.remote.RemoteTestNG.main(RemoteTestNG.java:57)
]]>
    </error>
  </testcase> <!-- verifyFacebookLink -->
</testsuite> <!-- com.test.automation.uiAutomation.addToCart.TC002_VerifyFacebookLink -->
