<?xml version="1.0" encoding="UTF-8"?>
<!-- Generated by org.testng.reporters.JUnitXMLReporter -->
<testsuite hostname="Dell" ignored="0" name="Command line test" tests="1" failures="1" timestamp="04 Jun 2022 12:22:27 GMT" time="0.069" errors="0">
  <testcase name="VerifyApplicationLunch" time="0.0" classname="tests.LoginTest">
    <failure type="org.testng.TestNGException" message="
Parameter &amp;apos;MyName&amp;apos; is required by @Test on method VerifyApplicationLunch but has not been marked @Optional or defined
">
      <![CDATA[org.testng.TestNGException: 
Parameter 'MyName' is required by @Test on method VerifyApplicationLunch but has not been marked @Optional or defined

... Removed 32 stack frames]]>
    </failure>
  </testcase> <!-- VerifyApplicationLunch -->
</testsuite> <!-- Command line test -->
