<?xml version="1.0" encoding="UTF-8"?>
<!-- Generated by org.testng.reporters.JUnitXMLReporter -->
<testsuite hostname="Dell" ignored="0" name="Surefire test" tests="1" failures="1" timestamp="09 Jun 2022 06:14:11 GMT" time="7.977" errors="0">
  <testcase name="VerifyApplicationLunch" time="0.0" classname="tests.LoginTest">
    <failure type="org.testng.TestNGException" message="
Parameter &amp;apos;uid&amp;apos; is required by @Test on method VerifyApplicationLunch but has not been marked @Optional or defined
">
      <![CDATA[org.testng.TestNGException: 
Parameter 'uid' is required by @Test on method VerifyApplicationLunch but has not been marked @Optional or defined

... Removed 27 stack frames]]>
    </failure>
  </testcase> <!-- VerifyApplicationLunch -->
</testsuite> <!-- Surefire test -->
