<?xml version="1.0" encoding="UTF-8"?>
<!-- Generated by org.testng.reporters.JUnitXMLReporter -->
<testsuite hostname="Dell" name="HomePageTest" tests="10" failures="0" timestamp="5 Jun 2022 15:23:54 GMT" time="2.989" errors="0">
  <testcase name="@BeforeClass setUp" time="0.0" classname="com.test.automation.uiAutomation.homepage.TC002_VerifyRegistration">
    <failure type="org.openqa.selenium.WebDriverException" message="unknown error: cannot find Chrome binary
Build info: version: &amp;apos;3.141.59&amp;apos;, revision: &amp;apos;e82be7d358&amp;apos;, time: &amp;apos;2018-11-14T08:17:03&amp;apos;
System info: host: &amp;apos;DELL&amp;apos;, ip: &amp;apos;192.168.225.220&amp;apos;, os.name: &amp;apos;Windows 8.1&amp;apos;, os.arch: &amp;apos;amd64&amp;apos;, os.version: &amp;apos;6.3&amp;apos;, java.version: &amp;apos;1.8.0_333&amp;apos;
Driver info: driver.version: ChromeDriver
remote stacktrace: Backtrace:
	Ordinal0 [0x004B9563+2725219]
	Ordinal0 [0x003B8551+1672529]
	Ordinal0 [0x002A0359+525145]
	Ordinal0 [0x0022CA64+51812]
	Ordinal0 [0x0024CC37+183351]
	Ordinal0 [0x0024CA3D+182845]
	Ordinal0 [0x0024A94B+174411]
	Ordinal0 [0x00232528+75048]
	Ordinal0 [0x002335A0+79264]
	Ordinal0 [0x00233539+79161]
	Ordinal0 [0x003CD607+1758727]
	GetHandleVerifier [0x005D6546+1050150]
	GetHandleVerifier [0x005D6291+1049457]
	GetHandleVerifier [0x005E10D7+1094071]
	GetHandleVerifier [0x005D6B46+1051686]
	Ordinal0 [0x003C5B06+1727238]
	Ordinal0 [0x003CEB7B+1764219]
	Ordinal0 [0x003CECE3+1764579]
	Ordinal0 [0x003E4C05+1854469]
	BaseThreadInitThunk [0x7629919F+14]
	RtlInitializeExceptionChain [0x779CA8CB+132]
	RtlInitializeExceptionChain [0x779CA8A1+90]
">
      <![CDATA[org.openqa.selenium.WebDriverException: unknown error: cannot find Chrome binary
Build info: version: '3.141.59', revision: 'e82be7d358', time: '2018-11-14T08:17:03'
System info: host: 'DELL', ip: '192.168.225.220', os.name: 'Windows 8.1', os.arch: 'amd64', os.version: '6.3', java.version: '1.8.0_333'
Driver info: driver.version: ChromeDriver
remote stacktrace: Backtrace:
	Ordinal0 [0x004B9563+2725219]
	Ordinal0 [0x003B8551+1672529]
	Ordinal0 [0x002A0359+525145]
	Ordinal0 [0x0022CA64+51812]
	Ordinal0 [0x0024CC37+183351]
	Ordinal0 [0x0024CA3D+182845]
	Ordinal0 [0x0024A94B+174411]
	Ordinal0 [0x00232528+75048]
	Ordinal0 [0x002335A0+79264]
	Ordinal0 [0x00233539+79161]
	Ordinal0 [0x003CD607+1758727]
	GetHandleVerifier [0x005D6546+1050150]
	GetHandleVerifier [0x005D6291+1049457]
	GetHandleVerifier [0x005E10D7+1094071]
	GetHandleVerifier [0x005D6B46+1051686]
	Ordinal0 [0x003C5B06+1727238]
	Ordinal0 [0x003CEB7B+1764219]
	Ordinal0 [0x003CECE3+1764579]
	Ordinal0 [0x003E4C05+1854469]
	BaseThreadInitThunk [0x7629919F+14]
	RtlInitializeExceptionChain [0x779CA8CB+132]
	RtlInitializeExceptionChain [0x779CA8A1+90]

	at org.openqa.selenium.remote.W3CHandshakeResponse.lambda$errorHandler$0(W3CHandshakeResponse.java:62)
	at org.openqa.selenium.remote.HandshakeResponse.lambda$getResponseFunction$0(HandshakeResponse.java:30)
	at org.openqa.selenium.remote.ProtocolHandshake.lambda$createSession$0(ProtocolHandshake.java:126)
	at java.util.stream.ReferencePipeline$3$1.accept(Unknown Source)
	at java.util.Spliterators$ArraySpliterator.tryAdvance(Unknown Source)
	at java.util.stream.ReferencePipeline.forEachWithCancel(Unknown Source)
	at java.util.stream.AbstractPipeline.copyIntoWithCancel(Unknown Source)
	at java.util.stream.AbstractPipeline.copyInto(Unknown Source)
	at java.util.stream.AbstractPipeline.wrapAndCopyInto(Unknown Source)
	at java.util.stream.FindOps$FindOp.evaluateSequential(Unknown Source)
	at java.util.stream.AbstractPipeline.evaluate(Unknown Source)
	at java.util.stream.ReferencePipeline.findFirst(Unknown Source)
	at org.openqa.selenium.remote.ProtocolHandshake.createSession(ProtocolHandshake.java:128)
	at org.openqa.selenium.remote.ProtocolHandshake.createSession(ProtocolHandshake.java:74)
	at org.openqa.selenium.remote.HttpCommandExecutor.execute(HttpCommandExecutor.java:136)
	at org.openqa.selenium.remote.service.DriverCommandExecutor.execute(DriverCommandExecutor.java:83)
	at org.openqa.selenium.remote.RemoteWebDriver.execute(RemoteWebDriver.java:552)
	at org.openqa.selenium.remote.RemoteWebDriver.startSession(RemoteWebDriver.java:213)
	at org.openqa.selenium.remote.RemoteWebDriver.<init>(RemoteWebDriver.java:131)
	at org.openqa.selenium.chrome.ChromeDriver.<init>(ChromeDriver.java:181)
	at org.openqa.selenium.chrome.ChromeDriver.<init>(ChromeDriver.java:168)
	at org.openqa.selenium.chrome.ChromeDriver.<init>(ChromeDriver.java:157)
	at com.test.automation.uiAutomation.testBase.TestBase.selectBrowser(TestBase.java:117)
	at com.test.automation.uiAutomation.testBase.TestBase.init(TestBase.java:96)
	at com.test.automation.uiAutomation.homepage.TC002_VerifyRegistration.setUp(TC002_VerifyRegistration.java:29)
... Removed 29 stack frames]]>
    </failure>
  </testcase> <!-- @BeforeClass setUp -->
  <testcase name="@BeforeMethod beforeMethod" time="0.0" classname="com.test.automation.uiAutomation.homepage.TC002_VerifyRegistration">
    <skipped/>
  </testcase> <!-- @BeforeMethod beforeMethod -->
  <testcase name="@AfterMethod afterMethod" time="0.0" classname="com.test.automation.uiAutomation.homepage.TC002_VerifyRegistration">
    <skipped/>
  </testcase> <!-- @AfterMethod afterMethod -->
  <testcase name="@BeforeClass setUp" time="0.0" classname="com.test.automation.uiAutomation.homepage.TC003_VerifyLoginWithDifferentRecords">
    <skipped/>
  </testcase> <!-- @BeforeClass setUp -->
  <testcase name="@BeforeMethod beforeMethod" time="0.0" classname="com.test.automation.uiAutomation.homepage.TC003_VerifyLoginWithDifferentRecords">
    <skipped/>
  </testcase> <!-- @BeforeMethod beforeMethod -->
  <testcase name="@AfterMethod afterMethod" time="0.0" classname="com.test.automation.uiAutomation.homepage.TC003_VerifyLoginWithDifferentRecords">
    <skipped/>
  </testcase> <!-- @AfterMethod afterMethod -->
  <testcase name="@BeforeMethod beforeMethod" time="0.0" classname="com.test.automation.uiAutomation.homepage.TC003_VerifyLoginWithDifferentRecords">
    <skipped/>
  </testcase> <!-- @BeforeMethod beforeMethod -->
  <testcase name="@AfterMethod afterMethod" time="0.0" classname="com.test.automation.uiAutomation.homepage.TC003_VerifyLoginWithDifferentRecords">
    <skipped/>
  </testcase> <!-- @AfterMethod afterMethod -->
  <testcase name="@BeforeMethod beforeMethod" time="0.0" classname="com.test.automation.uiAutomation.homepage.TC003_VerifyLoginWithDifferentRecords">
    <skipped/>
  </testcase> <!-- @BeforeMethod beforeMethod -->
  <testcase name="@AfterMethod afterMethod" time="0.0" classname="com.test.automation.uiAutomation.homepage.TC003_VerifyLoginWithDifferentRecords">
    <skipped/>
  </testcase> <!-- @AfterMethod afterMethod -->
  <testcase name="@BeforeMethod beforeMethod" time="0.0" classname="com.test.automation.uiAutomation.homepage.TC003_VerifyLoginWithDifferentRecords">
    <skipped/>
  </testcase> <!-- @BeforeMethod beforeMethod -->
  <testcase name="@AfterMethod afterMethod" time="0.0" classname="com.test.automation.uiAutomation.homepage.TC003_VerifyLoginWithDifferentRecords">
    <skipped/>
  </testcase> <!-- @AfterMethod afterMethod -->
  <testcase name="@BeforeMethod beforeMethod" time="0.0" classname="com.test.automation.uiAutomation.homepage.TC003_VerifyLoginWithDifferentRecords">
    <skipped/>
  </testcase> <!-- @BeforeMethod beforeMethod -->
  <testcase name="@AfterMethod afterMethod" time="0.0" classname="com.test.automation.uiAutomation.homepage.TC003_VerifyLoginWithDifferentRecords">
    <skipped/>
  </testcase> <!-- @AfterMethod afterMethod -->
  <testcase name="@BeforeMethod beforeMethod" time="0.0" classname="com.test.automation.uiAutomation.homepage.TC003_VerifyLoginWithDifferentRecords">
    <skipped/>
  </testcase> <!-- @BeforeMethod beforeMethod -->
  <testcase name="@AfterMethod afterMethod" time="0.0" classname="com.test.automation.uiAutomation.homepage.TC003_VerifyLoginWithDifferentRecords">
    <skipped/>
  </testcase> <!-- @AfterMethod afterMethod -->
  <testcase name="@BeforeMethod beforeMethod" time="0.0" classname="com.test.automation.uiAutomation.homepage.TC003_VerifyLoginWithDifferentRecords">
    <skipped/>
  </testcase> <!-- @BeforeMethod beforeMethod -->
  <testcase name="@AfterMethod afterMethod" time="0.0" classname="com.test.automation.uiAutomation.homepage.TC003_VerifyLoginWithDifferentRecords">
    <skipped/>
  </testcase> <!-- @AfterMethod afterMethod -->
  <testcase name="@BeforeClass setUp" time="0.0" classname="com.test.automation.uiAutomation.addToCart.TC001_VerifyAaddToCart">
    <skipped/>
  </testcase> <!-- @BeforeClass setUp -->
  <testcase name="@BeforeMethod beforeMethod" time="0.0" classname="com.test.automation.uiAutomation.addToCart.TC001_VerifyAaddToCart">
    <skipped/>
  </testcase> <!-- @BeforeMethod beforeMethod -->
  <testcase name="@AfterMethod afterMethod" time="0.0" classname="com.test.automation.uiAutomation.addToCart.TC001_VerifyAaddToCart">
    <skipped/>
  </testcase> <!-- @AfterMethod afterMethod -->
  <testcase name="@BeforeClass setUp" time="0.0" classname="com.test.automation.uiAutomation.addToCart.TC002_VerifyFacebookLink">
    <skipped/>
  </testcase> <!-- @BeforeClass setUp -->
  <testcase name="@BeforeMethod beforeMethod" time="0.0" classname="com.test.automation.uiAutomation.addToCart.TC002_VerifyFacebookLink">
    <skipped/>
  </testcase> <!-- @BeforeMethod beforeMethod -->
  <testcase name="@AfterMethod afterMethod" time="0.0" classname="com.test.automation.uiAutomation.addToCart.TC002_VerifyFacebookLink">
    <skipped/>
  </testcase> <!-- @AfterMethod afterMethod -->
  <testcase name="verifyRegistration" time="0.003" classname="com.test.automation.uiAutomation.homepage.TC002_VerifyRegistration">
    <skipped/>
  </testcase> <!-- verifyRegistration -->
  <testcase name="verifyLoginWithDifferentRecords" time="0.002" classname="com.test.automation.uiAutomation.homepage.TC003_VerifyLoginWithDifferentRecords">
    <skipped/>
  </testcase> <!-- verifyLoginWithDifferentRecords -->
  <testcase name="verifyLoginWithDifferentRecords" time="0.002" classname="com.test.automation.uiAutomation.homepage.TC003_VerifyLoginWithDifferentRecords">
    <skipped/>
  </testcase> <!-- verifyLoginWithDifferentRecords -->
  <testcase name="verifyLoginWithDifferentRecords" time="0.001" classname="com.test.automation.uiAutomation.homepage.TC003_VerifyLoginWithDifferentRecords">
    <skipped/>
  </testcase> <!-- verifyLoginWithDifferentRecords -->
  <testcase name="verifyLoginWithDifferentRecords" time="0.001" classname="com.test.automation.uiAutomation.homepage.TC003_VerifyLoginWithDifferentRecords">
    <skipped/>
  </testcase> <!-- verifyLoginWithDifferentRecords -->
  <testcase name="verifyLoginWithDifferentRecords" time="0.002" classname="com.test.automation.uiAutomation.homepage.TC003_VerifyLoginWithDifferentRecords">
    <skipped/>
  </testcase> <!-- verifyLoginWithDifferentRecords -->
  <testcase name="verifyLoginWithDifferentRecords" time="0.001" classname="com.test.automation.uiAutomation.homepage.TC003_VerifyLoginWithDifferentRecords">
    <skipped/>
  </testcase> <!-- verifyLoginWithDifferentRecords -->
  <testcase name="verifyLoginWithDifferentRecords" time="0.0" classname="com.test.automation.uiAutomation.homepage.TC003_VerifyLoginWithDifferentRecords">
    <skipped/>
  </testcase> <!-- verifyLoginWithDifferentRecords -->
  <testcase name="verifyAaddToCart" time="0.001" classname="com.test.automation.uiAutomation.addToCart.TC001_VerifyAaddToCart">
    <skipped/>
  </testcase> <!-- verifyAaddToCart -->
  <testcase name="verifyFacebookLink" time="0.0" classname="com.test.automation.uiAutomation.addToCart.TC002_VerifyFacebookLink">
    <skipped/>
  </testcase> <!-- verifyFacebookLink -->
</testsuite> <!-- HomePageTest -->
